<?xml version="1.0" encoding="UTF-8"?>
<!-- Generated by org.testng.reporters.JUnitReportReporter -->
<testsuite hostname="DESKTOP-4VT63TV" failures="0" tests="3" name="TestNGPrograms.DataProviderPara" time="0.011" errors="0" timestamp="2023-04-03T14:54:18 IST" skipped="0">
  <testcase classname="TestNGPrograms.DataProviderPara" name="Sample" time="0.002"/>
  <system-out/>
  <testcase classname="TestNGPrograms.DataProviderPara" name="Sample" time="0.001"/>
  <system-out/>
  <testcase classname="TestNGPrograms.DataProviderPara" name="Sample" time="0.008"/>
  <system-out/>
</testsuite> <!-- TestNGPrograms.DataProviderPara -->
