<?xml version="1.0" encoding="UTF-8"?>
<!-- Generated by org.testng.reporters.JUnitReportReporter -->
<testsuite hostname="DESKTOP-4VT63TV" failures="0" tests="1" name="TestNGPrograms.ParamaterPassing" time="0.022" errors="0" timestamp="2023-04-03T14:47:09 IST" skipped="0">
  <testcase classname="TestNGPrograms.ParamaterPassing" name="add" time="0.022"/>
  <system-out/>
</testsuite> <!-- TestNGPrograms.ParamaterPassing -->
