<?xml version="1.0" encoding="UTF-8"?>
<!-- Generated by org.testng.reporters.JUnitReportReporter -->
<testsuite hostname="DESKTOP-4VT63TV" failures="0" tests="3" name="TestNGPrograms.Sample" time="0.013" errors="0" timestamp="2023-03-31T14:50:39 IST" skipped="0">
  <testcase classname="TestNGPrograms.Sample" name="Test3" time="0.003"/>
  <system-out/>
  <testcase classname="TestNGPrograms.Sample" name="Test2" time="0.008"/>
  <system-out/>
  <testcase classname="TestNGPrograms.Sample" name="Test1" time="0.002"/>
  <system-out/>
</testsuite> <!-- TestNGPrograms.Sample -->
