<?xml version="1.0" encoding="UTF-8"?>
<!-- Generated by org.testng.reporters.JUnitReportReporter -->
<testsuite hostname="DESKTOP-4VT63TV" failures="0" tests="2" name="TestNGPrograms.Browser" time="6.926" errors="0" timestamp="2023-03-31T14:36:52 IST" skipped="1">
  <testcase classname="TestNGPrograms.Browser" name="Google" time="6.926"/>
  <system-out/>
  <testcase classname="TestNGPrograms.Browser" name="Facebook">
    <skipped/>
  </testcase> <!-- Facebook -->
  <system-out/>
</testsuite> <!-- TestNGPrograms.Browser -->
